make.exe all --print-data-base --no-builtin-variables --no-builtin-rules --question
process_begin: CreateProcess(NULL, dirname d:/Git/OricScreenEditor/Makefile, ...) failed.
Makefile:25: pipe: No error

process_begin: CreateProcess(NULL, pwd, ...) failed.
Makefile:29: pipe: No error

# GNU Make 4.3
# Built for Windows32
# Copyright (C) 1988-2020 Free Software Foundation, Inc.
# License GPLv3+: GNU GPL version 3 or later <http://gnu.org/licenses/gpl.html>
# This is free software: you are free to change and redistribute it.
# There is NO WARRANTY, to the extent permitted by law.
 

# Make data base, printed on Sun Aug 14 17:25:34 2022

# Variables

# environment
SYSTEMDRIVE = C:
# environment
JAVA_HOME = C:\Program Files\Java\jdk-17.0.1
# environment
LC_ALL = C
# environment
USERPROFILE = C:\Users\xande
# environment
LOCALAPPDATA = C:\Users\xande\AppData\Local
# environment
VSCODE_CWD = C:\Program Files\Microsoft VS Code
# environment
CHOCOLATEYINSTALL = C:\ProgramData\chocolatey
# environment
SYSTEMROOT = C:\WINDOWS
# environment
PROCESSOR_LEVEL = 6
# environment
PSMODULEPATH = C:\Program Files\WindowsPowerShell\Modules;C:\WINDOWS\system32\WindowsPowerShell\v1.0\Modules
# default
MAKE_COMMAND := C:/ProgramData/chocolatey/lib/make/tools/install/bin/make.exe
# makefile (from 'Makefile', line 21)
HXCFE := /home/xahmol/hxcfloppyemu-cod/HxCFloppyEmulator/HxCFloppyEmulator_cmdline/trunk/build/
# automatic
@D = $(patsubst %/,%,$(patsubst %\,%,$(dir $@)))
# environment
DOKANLIBRARY1_LIBRARYPATH_X64 = C:\Program Files\Dokan\Dokan Library-1.4.1\lib\
# environment
CHROME_CRASHPAD_PIPE_NAME = \\.\pipe\crashpad_30316_MHTQGSHEOZBTHNIN
# environment
VSCODE_HANDLES_UNCAUGHT_ERRORS = true
# default
.VARIABLES := 
# automatic
%D = $(patsubst %/,%,$(patsubst %\,%,$(dir $%)))
# makefile (from 'Makefile', line 42)
EMU := ./oricutron
# makefile (from 'Makefile', line 17)
OSDK := /home/xahmol/OSDK-build/pc/tools/osdk/main/osdk-linux/bin/
# automatic
^D = $(patsubst %/,%,$(patsubst %\,%,$(dir $^)))
# automatic
%F = $(notdir $%)
# environment
VSCODE_CODE_CACHE_PATH = C:\Users\xande\AppData\Roaming\Code\CachedData\da76f93349a72022ca4670c1b84860304616aaa2
# makefile (from 'Makefile', line 48)
EMUARG := -ma --serial none --vsynchack off --turbotape on
# environment
LANG = C
# default
.LOADED := 
# environment
TMP = C:\Users\xande\AppData\Local\Temp
# default
.INCLUDE_DIRS = .
# environment
PROCESSOR_ARCHITEW6432 = AMD64
# makefile (from 'Makefile', line 30)
PROGRAM := BUILD/OSE.bin
# makefile
MAKEFLAGS = pqrR
# makefile (from 'Makefile', line 28)
PROJECT := OSE
# environment
ONEDRIVE = C:\Users\xande\OneDrive
# makefile
CURDIR := d:/Git/OricScreenEditor
# environment
DOKANLIBRARY1_LIBRARYPATH_X86 = C:\Program Files\Dokan\Dokan Library-1.4.1\x86\lib\
# environment
APPLICATION_INSIGHTS_NO_DIAGNOSTIC_CHANNEL = 1
# automatic
*D = $(patsubst %/,%,$(patsubst %\,%,$(dir $*)))
# environment
PROGRAMFILES = C:\Program Files (x86)
# environment
MFLAGS = -pqrR
# default
.SHELLFLAGS := -c
# makefile (from 'Makefile', line 31)
DISK_DSK := BUILD/OSE.dsk
# environment
COMMONPROGRAMW6432 = C:\Program Files\Common Files
# automatic
+D = $(patsubst %/,%,$(patsubst %\,%,$(dir $+)))
# makefile (from 'src/oric_core.d', line 1)
MAKEFILE_LIST := Makefile src/main.d src/oric_core.d
# automatic
@F = $(notdir $@)
# environment
VSCODE_PID = 30316
# automatic
?D = $(patsubst %/,%,$(patsubst %\,%,$(dir $?)))
# environment
ONLINESERVICES = Online Services
# makefile (from 'Makefile', line 29)
PROJECT_DIR := 
# automatic
*F = $(notdir $*)
# automatic
<D = $(patsubst %/,%,$(patsubst %\,%,$(dir $<)))
# environment
VSCODE_NLS_CONFIG = {"locale":"nl","ava 
ilableLanguages":{},"_languagePackSupport":true}
# environment
ONEDRIVECONSUMER = C:\Users\xande\OneDrive
# default
MAKE_HOST := Windows32
# environment
PROGRAMDATA = C:\ProgramData
# default
SHELL := sh.exe
# makefile (from 'Makefile', line 25)
mkfile_path := 
# environment
HOMEPATH = \Users\xande
# default
MAKECMDGOALS := all
# environment
DRIVERDATA = C:\Windows\System32\Drivers\DriverData
# environment
COMSPEC = C:\WINDOWS\system32\cmd.exe
# environment
WINDIR = C:\WINDOWS
# environment
MAKELEVEL := 0
# default
MAKE = $(MAKE_COMMAND)
# environment
PATH = C:\Program Files\Common Files\Oracle\Java\javapath;C:\Python310\Scripts\;C:\Python310\;C:\Program Files (x86)\Common Files\Oracle\Java\javapath;C:\Python39\Scripts\;C:\Python39\;C:\windows\system32;C:\windows;C:\windows\System32\Wbem;C:\windows\System32\WindowsPowerShell\v1.0\;C:\windows\System32\OpenSSH\;C:\Program Files (x86)\NVIDIA Corporation\PhysX\Common;C:\Program Files\NVIDIA Corporation\NVIDIA NvDLISR;C:\Program Files\Calibre2\;C:\Program Files\Microsoft VS Code\bin;C:\ProgramData\chocolatey\bin;C:\Program Files\PuTTY\;C:\Program Files\LLVM\bin;C:\Program Files\Amazon\AWSCLIV2\;C:\Program Files (x86)\HP\IdrsOCR_15.2.10.1114\;C:\Program Files\dotnet\;C:\Program Files\Microsoft SQL Server\130\Tools\Binn\;C:\Program Files\Microsoft SQL Server\Client SDK\ODBC\170\Tools\Binn\;C:\WINDOWS\system32;C:\WINDOWS;C:\WINDOWS\System32\Wbem;C:\WINDOWS\System32\WindowsPowerShell\v1.0\;C:\WINDOWS\System32\OpenSSH\;C:\Program Files (x86)\dotnet\;C:\Program Files\Docker\Docker\resources\bin;C:\ProgramData\DockerDesktop\version-bin;C:\Program Files\nodejs\;C:\Users\xande\AppData\Local\Microsoft\WindowsApps;C:\Users\xande\AppData\Local\GitHubDesktop\bin;C:\Users\xande\AppData\Local\Programs\Git\cmd;D:\DevTools\apache-maven-3.8.4\bin;C:\Users\xande\AppData\Roaming\npm
# environment
COMPUTERNAME = XANDERPC2021
# makefile (from 'Makefile', line 23)
EMUL_DIR := /home/xahmol/oricutron/
# default
MAKEFILES := 
# automatic
^F = $(notdir $^)
# environment
PROMPT = $P$G
# makefile (from 'Makefile', line 52)
LIBOBJECTS = src/oric_core_assembly.s src/libbasic.s
# environment
LOGONSERVER = \\XANDERPC2021
# environment
USERNAME = xande
# makefile (from 'Makefile', line 41)
MACH := -ma
# environment
COMMONPROGRAMFILES = C:\Program Files (x86)\Common Files
# automatic
?F = $(notdir $?)
# environment
PROGRAMW6432 = C:\Program Files
# environment
PATHEXT = .COM;.EXE;.BAT;.CMD;.VBS;.VBE;.JS;.JSE;.WSF;.WSH;.MSC;.PY;.PYW
# automatic
+F = $(notdir $+)
# environment
ORIGINAL_XDG_CURRENT_DESKTOP = undefined
# environment
USERDOMAIN = XANDERPC2021
# 'override' directive
GNUMAKEFLAGS := 
# environment
OS = Windows_NT
# environment
DOKANLIBRARY1 = C:\Program Files\Dokan\Dokan Library-1.4.1\
# makefile (from 'Makefile', line 32)
DISK_HFE := BUILD/OSE.hfe
# makefile
.DEFAULT_GOAL := all
# default
MAKE_VERSION := 4.3
# 'override' directive
.SHELLSTATUS := 127
# environment
PLATFORMCODE = 1M
# environment
PROGRAMFILES(X86) = C:\Program Files (x86)
# makefile (from 'Makefile', line 58)
LDFLAGS = -t $(CC65_TARGET) -C oricse_cc65_config.cfg -m $(PROJECT).map
# environment
USERDOMAIN_ROAMINGPROFILE = XANDERPC2021
# environment
NUMBER_OF_PROCESSORS = 16
# environment
PUBLIC = C:\Users\Public
# environment
APPDATA = C:\Users\xande\AppData\Roaming
# makefile (from 'Makefile', line 57)
CFLAGS = -t $(CC65_TARGET) --create-dep $(<:.c=.d) -Oirs -I include
# environment
HOMEDRIVE = C:
# environment
PROCESSOR_ARCHITECTURE = x86
# makefile (from 'Makefile', line 43)
EMUDIR := /home/xahmol/oricutron/
# environment
VSCODE_AMD_ENTRYPOINT = vs/workbench/api/node/extensionHostProcess
# makefile (from 'Makefile', line 55)
CC65_TARGET = atmos
# environment
COMMONPROGRAMFILES(X86) = C:\Program Files (x86)\Common Files
# environment
ELECTRON_RUN_AS_NODE = 1
# environment
TEMP = C:\Users\xande\AppData\Local\Temp
# environment
VSCODE_IPC_HOOK = \\.\pipe\c7276ac39fbbf2dfb6220de2f50e8e58-1.70.0-main-sock
# default
.RECIPEPREFIX := 
# automatic
<F = $(notdir $<)
# default
SUFFIXES := 
# environment
ALLUSERSPROFILE = C:\ProgramData
# environment
SESSIONNAME = Console
# default
.FEATURES := target-specific order-only second-expansion else-if shortest-stem undefine oneshell nocomment grouped-target extra-prereqs archives jobserver output-sync load
# environment
REGIONCODE = EMEA
# environment
PROCESSOR_REVISION = a505
# makefile (from 'Makefile', line 56)
CC = cl65
# makefile (from 'Makefile', line 51)
SOURCES = src/main.c src/oric_core.c
# environment
PROCESSOR_IDENTIFIER = Intel64 Family 6 Model 165 Stepping 5, GenuineIntel
# variable set hash-table stats:
# Load=116/1024=11%, Rehash=0, Collisions=12/179=7%

# Pattern-specific Variable Values

# No pattern-specific variable values.

# Directories

# src (key d:/Git/OricScreenEditor/src, mtime 1660490643): No files, no impossibilities so far.
# . (key d:/Git/OricScreenEditor, mtime 1660490580): 25 files, no impossibilities.

# 25 files, no impossibilities in 2 directories.

# Implicit Rules

%.o: %.c
#  recipe to execute (from 'Makefile', line 72):
	$(CC) -c $(CFLAGS) -o $@ $<

# 1 implicit rules, 0 (0.0%) terminal.
# Files

BUILD/OSE.bin: src/main.o src/oric_core.o
#  Implicit rule search has not been done.
#  Last modified 2022-08-14 17:24:03
#  File has been updated.
#  Successfully updated.
#  recipe to execute (from 'Makefile', line 76):
	$(CC) $(LDFLAGS) -o $@ $^ $(LIBOBJECTS)

# Not a target:
Makefile:
#  Implicit rule search has been done.
#  Last modified 2022-08-14 17:23:45
#  File has been updated.
#  Successfully updated.

src/oric_core.c:
#  Implicit rule search has been done.
#  L 
ast modified 2022-08-14 16:19:25
#  File has been updated.
#  Successfully updated.

clean:
#  Phony target (prerequisite of .PHONY).
#  Implicit rule search has not been done.
#  File does not exist.
#  File has not been updated.
#  recipe to execute (from 'Makefile', line 87):
	$(RM) $(SOURCES:.c=.o) $(SOURCES:.c=.d) $(PROGRAM) $(PROGRAM).map $(PROGRAM).brk $(PROGRAM).sym
	cd BUILD; $(RM) *.*

include/osdklib.h:
#  Implicit rule search has been done.
#  Last modified 2021-06-27 21:57:33
#  File has been updated.
#  Successfully updated.

src/oric_core.o: src/oric_core.c src/oric_core.c include/defines.h include/osdklib.h include/oric_core.h
#  Implicit rule search has been done.
#  Implicit/static pattern stem: 'src/oric_core'
#  Last modified 2022-08-14 17:24:03
#  File has been updated.
#  Successfully updated.
#  recipe to execute (from 'Makefile', line 72):
	$(CC) -c $(CFLAGS) -o $@ $<

include/libbasic.h:
#  Implicit rule search has been done.
#  Last modified 2022-06-27 17:34:10
#  File has been updated.
#  Successfully updated.

src/main.c:
#  Implicit rule search has been done.
#  Last modified 2022-08-14 17:01:06
#  File has been updated.
#  Successfully updated.

src/main.o: src/main.c src/main.c include/defines.h include/osdklib.h include/oric_core.h include/libbasic.h
#  Implicit rule search has been done.
#  Implicit/static pattern stem: 'src/main'
#  Last modified 2022-08-14 17:24:03
#  File has been updated.
#  Successfully updated.
#  recipe to execute (from 'Makefile', line 72):
	$(CC) -c $(CFLAGS) -o $@ $<

# Not a target:
.DEFAULT:
#  Implicit rule search has not been done.
#  Modification time never checked.
#  File has not been updated.

all: BUILD/OSE.bin BUILD/OSE.dsk
#  Phony target (prerequisite of .PHONY).
#  Command line target.
#  Implicit rule search has not been done.
#  File does not exist.
#  File has been updated.
#  Successfully updated.

run: BUILD/OSE.dsk
#  Phony target (prerequisite of .PHONY).
#  Implicit rule search has not been done.
#  File does not exist.
#  File has not been updated.
#  recipe to execute (from 'Makefile', line 92):
	cd $(EMUDIR); $(EMU) $(EMUARG) "$(PROJECT_DIR)/$(DISK_DSK)"

run-debug:
#  Phony target (prerequisite of .PHONY).
#  Implicit rule search has not been done.
#  File does not exist.
#  File has not been updated.

BUILD/OSE.dsk: BUILD/OSE.bin
#  Implicit rule search has not been done.
#  Last modified 2022-08-14 17:24:03
#  File has been updated.
#  Successfully updated.
#  recipe to execute (from 'Makefile', line 80):
	$(OSDK)header $(PROGRAM) BUILD/$(PROJECT).tap 0x0501
	$(OSDK)tap2dsk -iCLS:$(PROJECT) -c20:3 -n$(PROJECT) BUILD/$(PROJECT).tap OSEHS1.tap OSEHS2.tap OSEHS3.tap OSEHS4.tap OSETSC.tap PETSCIIPJ.tap PETSCIISC.tap PETSCIICS.tap PETSCIICA.tap $(DISK_DSK)
	$(OSDK)old2mfm $(DISK_DSK)
	cd $(HXCFE); ./hxcfe -finput:"$(mkfile_path)/$(DISK_DSK)" -foutput:"$(mkfile_path)/$(DISK_HFE)" -conv:HXC_HFE

include/defines.h:
#  Implicit rule search has been done.
#  Last modified 2022-06-13 08:55:45
#  File has been updated.
#  Successfully updated.

include/oric_core.h:
#  Implicit rule search has been done.
#  Last modified 2022-08-14 16:18:42
#  File has been updated.
#  Successfully updated.

.SUFFIXES:
#  Implicit rule search has not been done.
#  Modification time never checked.
#  File has not been updated.

# Not a target:
src/main.d:
#  Implicit rule search has been done.
#  Last modified 2022-08-14 17:24:03
#  File has been updated.
#  Successfully updated.

.PHONY: all clean run run-debug
#  Implicit rule search has not been done.
#  Modification time never checked.
#  File has not been updated.

# Not a target:
src/oric_core.d:
#  Implicit rule search has been done.
#  Last modified 2022-08-14 17:24:03
#  File has been updated.
#  Successfully updated.

# files hash-table stats:
# Load=20/1024=2%, Rehash=0, Collisions=0/70=0%
# VPATH Search Paths

# No 'vpath' search paths.

# No general ('VPATH' variable) search path.

# strcache buffers: 1 (0) / strings = 48 / storage = 526 B / avg = 10 B
# current buf: size = 8174 B / used = 526 B / count 
 = 48 / avg = 10 B

# strcache performance: lookups = 100 / hit rate = 52%
# hash-table stats:
# Load=48/8192=1%, Rehash=0, Collisions=0/100=0%
# Finished Make data base on Sun Aug 14 17:25:34 2022

 
